# JRE version: OpenJDK Runtime Environment Temurin-21.0.10+7 (21.0.10+7) (build 21.0.10+7-LTS)
# Java VM: OpenJDK 64-Bit Server VM Temurin-21.0.10+7 (21.0.10+7-LTS, mixed mode, sharing, tiered, compressed oops, compressed class ptrs, parallel gc, windows-amd64)
GC Precious Log:
 CardTable entry size: 512
 CPUs: 4 total, 4 available
 Memory: 8067M
 Large Page Support: Disabled
 NUMA Support: Disabled
 Compressed Oops: Enabled (32-bit)
 Alignments: Space 512K, Generation 512K, Heap 2M
 Heap Min Capacity: 100M
 Heap Initial Capacity: 100M
 Heap Max Capacity: 2G
 Pre-touch: Disabled
 Parallel Workers: 4
Heap:
 PSYoungGen      total 12800K, used 8333K [0x00000000d5580000, 0x00000000d6400000, 0x0000000100000000)
  eden space 12288K, 63% used [0x00000000d5580000,0x00000000d5d2b3f0,0x00000000d6180000)
  from space 512K, 93% used [0x00000000d6300000,0x00000000d6378020,0x00000000d6380000)
  to   space 512K, 0% used [0x00000000d6380000,0x00000000d6380000,0x00000000d6400000)
 ParOldGen       total 71168K, used 52697K [0x0000000080000000, 0x0000000084580000, 0x00000000d5580000)
  object space 71168K, 74% used [0x0000000080000000,0x0000000083376640,0x0000000084580000)
 Metaspace       used 60902K, committed 62464K, reserved 1114112K
  class space    used 6434K, committed 7168K, reserved 1048576K
GC Heap History (20 events):
Event: 58.707 GC heap before
{Heap before GC invocations=79 (full 2):
 PSYoungGen      total 12800K, used 12728K [0x00000000d5580000, 0x00000000d6380000, 0x0000000100000000)
  eden space 12288K, 100% used [0x00000000d5580000,0x00000000d6180000,0x00000000d6180000)
  from space 512K, 86% used [0x00000000d6300000,0x00000000d636e2e8,0x00000000d6380000)
  to   space 1024K, 0% used [0x00000000d6180000,0x00000000d6180000,0x00000000d6280000)
 ParOldGen       total 68608K, used 68194K [0x0000000080000000, 0x0000000084300000, 0x00000000d5580000)
  object space 68608K, 99% used [0x0000000080000000,0x0000000084298aa0,0x0000000084300000)
 Metaspace       used 56286K, committed 57728K, reserved 1114112K
  class space    used 5994K, committed 6656K, reserved 1048576K
}
Event: 58.709 GC heap after
{Heap after GC invocations=79 (full 2):
 PSYoungGen      total 13312K, used 344K [0x00000000d5580000, 0x00000000d6380000, 0x0000000100000000)
  eden space 12288K, 0% used [0x00000000d5580000,0x00000000d5580000,0x00000000d6180000)
  from space 1024K, 33% used [0x00000000d6180000,0x00000000d61d6280,0x00000000d6280000)
  to   space 512K, 0% used [0x00000000d6300000,0x00000000d6300000,0x00000000d6380000)
 ParOldGen       total 68608K, used 68541K [0x0000000080000000, 0x0000000084300000, 0x00000000d5580000)
  object space 68608K, 99% used [0x0000000080000000,0x00000000842ef650,0x0000000084300000)
 Metaspace       used 56286K, committed 57728K, reserved 1114112K
  class space    used 5994K, committed 6656K, reserved 1048576K
}
Event: 59.434 GC heap before
{Heap before GC invocations=80 (full 2):
 PSYoungGen      total 13312K, used 12632K [0x00000000d5580000, 0x00000000d6380000, 0x0000000100000000)
  eden space 12288K, 100% used [0x00000000d5580000,0x00000000d6180000,0x00000000d6180000)
  from space 1024K, 33% used [0x00000000d6180000,0x00000000d61d6280,0x00000000d6280000)
  to   space 512K, 0% used [0x00000000d6300000,0x00000000d6300000,0x00000000d6380000)
 ParOldGen       total 68608K, used 68541K [0x0000000080000000, 0x0000000084300000, 0x00000000d5580000)
  object space 68608K, 99% used [0x0000000080000000,0x00000000842ef650,0x0000000084300000)
 Metaspace       used 56931K, committed 58368K, reserved 1114112K
  class space    used 6063K, committed 6720K, reserved 1048576K
}
Event: 59.435 GC heap after
{Heap after GC invocations=80 (full 2):
 PSYoungGen      total 12800K, used 224K [0x00000000d5580000, 0x00000000d6380000, 0x0000000100000000)
  eden space 12288K, 0% used [0x00000000d5580000,0x00000000d5580000,0x00000000d6180000)
  from space 512K, 43% used [0x00000000d6300000,0x00000000d6338000,0x00000000d6380000)
  to   space 512K, 0% used [0x00000000d6280000,0x00000000d6280000,0x00000000d6300000)
 ParOldGen       total 69120K, used 68693K [0x0000000080000000, 0x0000000084380000, 0x00000000d5580000)
  object space 69120K, 99% used [0x0000000080000000,0x0000000084315650,0x0000000084380000)
 Metaspace       used 56931K, committed 58368K, reserved 1114112K
  class space    used 6063K, committed 6720K, reserved 1048576K
}
Event: 61.733 GC heap before
{Heap before GC invocations=81 (full 2):
 PSYoungGen      total 12800K, used 12512K [0x00000000d5580000, 0x00000000d6380000, 0x0000000100000000)
  eden space 12288K, 100% used [0x00000000d5580000,0x00000000d6180000,0x00000000d6180000)
  from space 512K, 43% used [0x00000000d6300000,0x00000000d6338000,0x00000000d6380000)
  to   space 512K, 0% used [0x00000000d6280000,0x00000000d6280000,0x00000000d6300000)
 ParOldGen       total 69120K, used 68693K [0x0000000080000000, 0x0000000084380000, 0x00000000d5580000)
  object space 69120K, 99% used [0x0000000080000000,0x0000000084315650,0x0000000084380000)
 Metaspace       used 58012K, committed 59392K, reserved 1114112K
  class space    used 6174K, committed 6848K, reserved 1048576K
}
Event: 61.735 GC heap after
{Heap after GC invocations=81 (full 2):
 PSYoungGen      total 12800K, used 491K [0x00000000d5580000, 0x00000000d6680000, 0x0000000100000000)
  eden space 12288K, 0% used [0x00000000d5580000,0x00000000d5580000,0x00000000d6180000)
  from space 512K, 96% used [0x00000000d6280000,0x00000000d62fae38,0x00000000d6300000)
  to   space 2560K, 0% used [0x00000000d6400000,0x00000000d6400000,0x00000000d6680000)
 ParOldGen       total 70656K, used 70206K [0x0000000080000000, 0x0000000084500000, 0x00000000d5580000)
  object space 70656K, 99% used [0x0000000080000000,0x000000008448f910,0x0000000084500000)
 Metaspace       used 58012K, committed 59392K, reserved 1114112K
  class space    used 6174K, committed 6848K, reserved 1048576K
}
Event: 61.873 GC heap before
{Heap before GC invocations=82 (full 2):
 PSYoungGen      total 12800K, used 12614K [0x00000000d5580000, 0x00000000d6680000, 0x0000000100000000)
  eden space 12288K, 98% used [0x00000000d5580000,0x00000000d6156c78,0x00000000d6180000)
  from space 512K, 96% used [0x00000000d6280000,0x00000000d62fae38,0x00000000d6300000)
  to   space 2560K, 0% used [0x00000000d6400000,0x00000000d6400000,0x00000000d6680000)
 ParOldGen       total 70656K, used 70206K [0x0000000080000000, 0x0000000084500000, 0x00000000d5580000)
  object space 70656K, 99% used [0x0000000080000000,0x000000008448f910,0x0000000084500000)
 Metaspace       used 58030K, committed 59456K, reserved 1114112K
  class space    used 6174K, committed 6848K, reserved 1048576K
}
Event: 61.876 GC heap after
{Heap after GC invocations=82 (full 2):
 PSYoungGen      total 13312K, used 997K [0x00000000d5580000, 0x00000000d6500000, 0x0000000100000000)
  eden space 12288K, 0% used [0x00000000d5580000,0x00000000d5580000,0x00000000d6180000)
  from space 1024K, 97% used [0x00000000d6400000,0x00000000d64f96f0,0x00000000d6500000)
  to   space 1536K, 0% used [0x00000000d6200000,0x00000000d6200000,0x00000000d6380000)
 ParOldGen       total 70656K, used 70629K [0x0000000080000000, 0x0000000084500000, 0x00000000d5580000)
  object space 70656K, 99% used [0x0000000080000000,0x00000000844f9438,0x0000000084500000)
 Metaspace       used 58030K, committed 59456K, reserved 1114112K
  class space    used 6174K, committed 6848K, reserved 1048576K
}
Event: 62.085 GC heap before
{Heap before GC invocations=83 (full 2):
 PSYoungGen      total 13312K, used 13285K [0x00000000d5580000, 0x00000000d6500000, 0x0000000100000000)
  eden space 12288K, 100% used [0x00000000d5580000,0x00000000d6180000,0x00000000d6180000)
  from space 1024K, 97% used [0x00000000d6400000,0x00000000d64f96f0,0x00000000d6500000)
  to   space 1536K, 0% used [0x00000000d6200000,0x00000000d6200000,0x00000000d6380000)
 ParOldGen       total 70656K, used 70629K [0x0000000080000000, 0x0000000084500000, 0x00000000d5580000)
  object space 70656K, 99% used [0x0000000080000000,0x00000000844f9438,0x0000000084500000)
 Metaspace       used 58036K, committed 59456K, reserved 1114112K
  class space    used 6174K, committed 6848K, reserved 1048576K
}
Event: 62.087 GC heap after
{Heap after GC invocations=83 (full 2):
 PSYoungGen      total 13824K, used 585K [0x00000000d5580000, 0x00000000d6480000, 0x0000000100000000)
  eden space 12288K, 0% used [0x00000000d5580000,0x00000000d5580000,0x00000000d6180000)
  from space 1536K, 38% used [0x00000000d6200000,0x00000000d6292730,0x00000000d6380000)
  to   space 1024K, 0% used [0x00000000d6380000,0x00000000d6380000,0x00000000d6480000)
 ParOldGen       total 71168K, used 70822K [0x0000000080000000, 0x0000000084580000, 0x00000000d5580000)
  object space 71168K, 99% used [0x0000000080000000,0x0000000084529a48,0x0000000084580000)
 Metaspace       used 58036K, committed 59456K, reserved 1114112K
  class space    used 6174K, committed 6848K, reserved 1048576K
}
Event: 63.087 GC heap before
{Heap before GC invocations=84 (full 2):
 PSYoungGen      total 13824K, used 9097K [0x00000000d5580000, 0x00000000d6480000, 0x0000000100000000)
  eden space 12288K, 69% used [0x00000000d5580000,0x00000000d5dcfea8,0x00000000d6180000)
  from space 1536K, 38% used [0x00000000d6200000,0x00000000d6292730,0x00000000d6380000)
  to   space 1024K, 0% used [0x00000000d6380000,0x00000000d6380000,0x00000000d6480000)
 ParOldGen       total 71168K, used 70822K [0x0000000080000000, 0x0000000084580000, 0x00000000d5580000)
  object space 71168K, 99% used [0x0000000080000000,0x0000000084529a48,0x0000000084580000)
 Metaspace       used 58423K, committed 59776K, reserved 1114112K
  class space    used 6199K, committed 6848K, reserved 1048576K
}
Event: 63.088 GC heap after
{Heap after GC invocations=84 (full 2):
 PSYoungGen      total 12800K, used 128K [0x00000000d5580000, 0x00000000d6400000, 0x0000000100000000)
  eden space 12288K, 0% used [0x00000000d5580000,0x00000000d5580000,0x00000000d6180000)
  from space 512K, 25% used [0x00000000d6380000,0x00000000d63a0000,0x00000000d6400000)
  to   space 512K, 0% used [0x00000000d6300000,0x00000000d6300000,0x00000000d6380000)
 ParOldGen       total 71168K, used 70830K [0x0000000080000000, 0x0000000084580000, 0x00000000d5580000)
  object space 71168K, 99% used [0x0000000080000000,0x000000008452ba48,0x0000000084580000)
 Metaspace       used 58423K, committed 59776K, reserved 1114112K
  class space    used 6199K, committed 6848K, reserved 1048576K
}
Event: 63.088 GC heap before
{Heap before GC invocations=85 (full 3):
 PSYoungGen      total 12800K, used 128K [0x00000000d5580000, 0x00000000d6400000, 0x0000000100000000)
  eden space 12288K, 0% used [0x00000000d5580000,0x00000000d5580000,0x00000000d6180000)
  from space 512K, 25% used [0x00000000d6380000,0x00000000d63a0000,0x00000000d6400000)
  to   space 512K, 0% used [0x00000000d6300000,0x00000000d6300000,0x00000000d6380000)
 ParOldGen       total 71168K, used 70830K [0x0000000080000000, 0x0000000084580000, 0x00000000d5580000)
  object space 71168K, 99% used [0x0000000080000000,0x000000008452ba48,0x0000000084580000)
 Metaspace       used 58423K, committed 59776K, reserved 1114112K
  class space    used 6199K, committed 6848K, reserved 1048576K
}
Event: 63.416 GC heap after
{Heap after GC invocations=85 (full 3):
 PSYoungGen      total 12800K, used 0K [0x00000000d5580000, 0x00000000d6400000, 0x0000000100000000)
  eden space 12288K, 0% used [0x00000000d5580000,0x00000000d5580000,0x00000000d6180000)
  from space 512K, 0% used [0x00000000d6380000,0x00000000d6380000,0x00000000d6400000)
  to   space 512K, 0% used [0x00000000d6300000,0x00000000d6300000,0x00000000d6380000)
 ParOldGen       total 71168K, used 52037K [0x0000000080000000, 0x0000000084580000, 0x00000000d5580000)
  object space 71168K, 73% used [0x0000000080000000,0x00000000832d1458,0x0000000084580000)
 Metaspace       used 58421K, committed 59776K, reserved 1114112K
  class space    used 6198K, committed 6848K, reserved 1048576K
}
Event: 64.582 GC heap before
{Heap before GC invocations=86 (full 3):
 PSYoungGen      total 12800K, used 12288K [0x00000000d5580000, 0x00000000d6400000, 0x0000000100000000)
  eden space 12288K, 100% used [0x00000000d5580000,0x00000000d6180000,0x00000000d6180000)
  from space 512K, 0% used [0x00000000d6380000,0x00000000d6380000,0x00000000d6400000)
  to   space 512K, 0% used [0x00000000d6300000,0x00000000d6300000,0x00000000d6380000)
 ParOldGen       total 71168K, used 52037K [0x0000000080000000, 0x0000000084580000, 0x00000000d5580000)
  object space 71168K, 73% used [0x0000000080000000,0x00000000832d1458,0x0000000084580000)
 Metaspace       used 59841K, committed 61312K, reserved 1114112K
  class space    used 6352K, committed 7040K, reserved 1048576K
}
Event: 64.583 GC heap after
{Heap after GC invocations=86 (full 3):
 PSYoungGen      total 12800K, used 480K [0x00000000d5580000, 0x00000000d6400000, 0x0000000100000000)
  eden space 12288K, 0% used [0x00000000d5580000,0x00000000d5580000,0x00000000d6180000)
  from space 512K, 93% used [0x00000000d6300000,0x00000000d6378020,0x00000000d6380000)
  to   space 512K, 0% used [0x00000000d6380000,0x00000000d6380000,0x00000000d6400000)
 ParOldGen       total 71168K, used 52042K [0x0000000080000000, 0x0000000084580000, 0x00000000d5580000)
  object space 71168K, 73% used [0x0000000080000000,0x00000000832d2b08,0x0000000084580000)
 Metaspace       used 59841K, committed 61312K, reserved 1114112K
  class space    used 6352K, committed 7040K, reserved 1048576K
}
Event: 65.870 GC heap before
{Heap before GC invocations=87 (full 3):
 PSYoungGen      total 12800K, used 12768K [0x00000000d5580000, 0x00000000d6400000, 0x0000000100000000)
  eden space 12288K, 100% used [0x00000000d5580000,0x00000000d6180000,0x00000000d6180000)
  from space 512K, 93% used [0x00000000d6300000,0x00000000d6378020,0x00000000d6380000)
  to   space 512K, 0% used [0x00000000d6380000,0x00000000d6380000,0x00000000d6400000)
 ParOldGen       total 71168K, used 52042K [0x0000000080000000, 0x0000000084580000, 0x00000000d5580000)
  object space 71168K, 73% used [0x0000000080000000,0x00000000832d2b08,0x0000000084580000)
 Metaspace       used 60546K, committed 62016K, reserved 1114112K
  class space    used 6416K, committed 7104K, reserved 1048576K
}
Event: 65.873 GC heap after
{Heap after GC invocations=87 (full 3):
 PSYoungGen      total 12800K, used 480K [0x00000000d5580000, 0x00000000d6400000, 0x0000000100000000)
  eden space 12288K, 0% used [0x00000000d5580000,0x00000000d5580000,0x00000000d6180000)
  from space 512K, 93% used [0x00000000d6380000,0x00000000d63f8000,0x00000000d6400000)
  to   space 512K, 0% used [0x00000000d6300000,0x00000000d6300000,0x00000000d6380000)
 ParOldGen       total 71168K, used 52426K [0x0000000080000000, 0x0000000084580000, 0x00000000d5580000)
  object space 71168K, 73% used [0x0000000080000000,0x0000000083332b48,0x0000000084580000)
 Metaspace       used 60546K, committed 62016K, reserved 1114112K
  class space    used 6416K, committed 7104K, reserved 1048576K
}
Event: 67.334 GC heap before
{Heap before GC invocations=88 (full 3):
 PSYoungGen      total 12800K, used 12768K [0x00000000d5580000, 0x00000000d6400000, 0x0000000100000000)
  eden space 12288K, 100% used [0x00000000d5580000,0x00000000d6180000,0x00000000d6180000)
  from space 512K, 93% used [0x00000000d6380000,0x00000000d63f8000,0x00000000d6400000)
  to   space 512K, 0% used [0x00000000d6300000,0x00000000d6300000,0x00000000d6380000)
 ParOldGen       total 71168K, used 52426K [0x0000000080000000, 0x0000000084580000, 0x00000000d5580000)
  object space 71168K, 73% used [0x0000000080000000,0x0000000083332b48,0x0000000084580000)
 Metaspace       used 60754K, committed 62208K, reserved 1114112K
  class space    used 6430K, committed 7104K, reserved 1048576K
}
Event: 67.337 GC heap after
{Heap after GC invocations=88 (full 3):
 PSYoungGen      total 12800K, used 480K [0x00000000d5580000, 0x00000000d6400000, 0x0000000100000000)
  eden space 12288K, 0% used [0x00000000d5580000,0x00000000d5580000,0x00000000d6180000)
  from space 512K, 93% used [0x00000000d6300000,0x00000000d6378020,0x00000000d6380000)
  to   space 512K, 0% used [0x00000000d6380000,0x00000000d6380000,0x00000000d6400000)
 ParOldGen       total 71168K, used 52697K [0x0000000080000000, 0x0000000084580000, 0x00000000d5580000)
  object space 71168K, 74% used [0x0000000080000000,0x0000000083376640,0x0000000084580000)
 Metaspace       used 60754K, committed 62208K, reserved 1114112K
  class space    used 6430K, committed 7104K, reserved 1048576K
}

